<?xml version="1.0" encoding="UTF-8"?>
<!-- Generated by org.testng.reporters.JUnitXMLReporter -->
<testsuite ignored="0" hostname="JincyAmal" failures="0" tests="1" name="Test" time="0.086" errors="0" timestamp="2023-11-02T14:21:04 IST">
  <testcase classname="automationTestng.SamplCopypaste" name="@BeforeTest setup" time="-1.698915064679E9">
    <failure type="org.testng.TestNGException" message="
Can inject only one of &amp;lt;ITestContext, XmlTest&amp;gt; into a @BeforeTest annotated setup.
For more information on native dependency injection please refer to https://testng.org/doc/documentation-main.html#native-dependency-injection">
      <![CDATA[org.testng.TestNGException: 
Can inject only one of <ITestContext, XmlTest> into a @BeforeTest annotated setup.
For more information on native dependency injection please refer to https://testng.org/doc/documentation-main.html#native-dependency-injection
... Removed 21 stack frames]]>
    </failure>
  </testcase> <!-- @BeforeTest setup -->
  <testcase classname="automationTestng.SamplCopypaste" name="@BeforeMethod urlLoad" time="-1.69891506473E9">
    <skipped/>
  </testcase> <!-- @BeforeMethod urlLoad -->
  <testcase classname="automationTestng.SamplCopypaste" name="fun_cpPaste" time="0.0">
    <skipped/>
  </testcase> <!-- fun_cpPaste -->
</testsuite> <!-- Test -->
