<?xml version="1.0" encoding="UTF-8"?>
<testng-results ignored="0" total="1" passed="1" failed="0" skipped="0">
  <reporter-output>
  </reporter-output>
  <suite started-at="2023-12-27T20:21:44 IST" name="Default suite" finished-at="2023-12-27T20:21:58 IST" duration-ms="13855">
    <groups>
    </groups>
    <test started-at="2023-12-27T20:21:44 IST" name="Default test" finished-at="2023-12-27T20:21:58 IST" duration-ms="13855">
      <class name="test.fblinkTest">
        <test-method is-config="true" signature="setup()[pri:0, instance:test.fblinkTest@72e5a8e]" started-at="2023-12-27T20:21:44 IST" name="setup" finished-at="2023-12-27T20:21:52 IST" duration-ms="8160" status="PASS">
          <reporter-output>
          </reporter-output>
        </test-method> <!-- setup -->
        <test-method signature="check()[pri:0, instance:test.fblinkTest@72e5a8e]" started-at="2023-12-27T20:21:52 IST" name="check" finished-at="2023-12-27T20:21:58 IST" duration-ms="5643" status="PASS">
          <reporter-output>
          </reporter-output>
        </test-method> <!-- check -->
      </class> <!-- test.fblinkTest -->
    </test> <!-- Default test -->
  </suite> <!-- Default suite -->
</testng-results>
